2018-07-02 19:50:39,158 - __main__ - INFO - Start application
2018-07-02 19:50:41,065 - __main__ - DEBUG - employees amount: 3
2018-07-02 19:50:41,065 - __main__ - INFO - creation of employees dictionary .. 
2018-07-02 19:50:50,189 - __main__ - DEBUG - employee information: maria commercial CE_1 15.0
2018-07-02 19:50:50,189 - __main__ - INFO - creating object ...
2018-07-02 19:53:03,753 - __main__ - DEBUG - employee information: alex commercial CE_2 1500.0
2018-07-02 19:53:03,753 - __main__ - INFO - creating object ...
2018-07-02 19:53:15,112 - __main__ - DEBUG - employee information: elena production PE_1 487.0
2018-07-02 19:53:15,112 - __main__ - INFO - creating object ...
2018-07-02 19:53:59,050 - __main__ - INFO - Start application
2018-07-02 19:54:05,644 - __main__ - DEBUG - employees amount: 15
2018-07-02 19:54:05,644 - __main__ - INFO - creation of employees dictionary .. 
2018-07-02 19:54:14,035 - __main__ - DEBUG - employee information: maria commercial CE_1 1500.0
2018-07-02 19:54:14,035 - __main__ - INFO - creating object ...
2018-07-02 19:54:21,722 - __main__ - DEBUG - employee information: alex production PE_1 461.0
2018-07-02 19:54:21,722 - __main__ - INFO - creating object ...
2018-07-02 19:54:31,019 - __main__ - DEBUG - employee information: rene commercial CE_2 1125.0
2018-07-02 19:54:31,019 - __main__ - INFO - creating object ...
2018-07-02 19:54:41,445 - __main__ - DEBUG - employee information: javier production PE_2 534.0
2018-07-02 19:54:41,445 - __main__ - INFO - creating object ...
2018-07-02 19:54:55,441 - __main__ - DEBUG - employee information: yenny commercial CE_3 200.0
2018-07-02 19:54:55,441 - __main__ - INFO - creating object ...
2018-07-02 19:55:02,457 - __main__ - DEBUG - employee information: merlin commercial CE_4 1500.0
2018-07-02 19:55:02,457 - __main__ - INFO - creating object ...
2018-07-02 19:55:11,816 - __main__ - DEBUG - employee information: juana production PE_3 5555.8
2018-07-02 19:55:11,816 - __main__ - INFO - creating object ...
2018-07-02 19:55:28,718 - __main__ - DEBUG - employee information: keyla commercial CE_5 225.0
2018-07-02 19:55:28,718 - __main__ - INFO - creating object ...
2018-07-02 19:55:42,441 - __main__ - DEBUG - employee information: morelia commercial CE_6 1415.0
2018-07-02 19:55:42,441 - __main__ - INFO - creating object ...
2018-07-02 19:55:49,223 - __main__ - DEBUG - employee information: helen commercial CE_7 112.5
2018-07-02 19:55:49,223 - __main__ - INFO - creating object ...
2018-07-02 19:56:00,973 - __main__ - DEBUG - employee information: tadeo commercial CE_8 2000.0
2018-07-02 19:56:00,973 - __main__ - INFO - creating object ...
2018-07-02 19:56:08,770 - __main__ - DEBUG - employee information: laura commercial CE_9 112.5
2018-07-02 19:56:08,770 - __main__ - INFO - creating object ...
2018-07-02 19:56:16,973 - __main__ - DEBUG - employee information: jose commercial CE_10 140.0
2018-07-02 19:56:16,973 - __main__ - INFO - creating object ...
2018-07-02 19:56:23,192 - __main__ - DEBUG - employee information: laura commercial CE_11 1250.0
2018-07-02 19:56:23,192 - __main__ - INFO - creating object ...
2018-07-02 19:56:30,286 - __main__ - DEBUG - employee information: kael commercial CE_12 112.5
2018-07-02 19:56:30,286 - __main__ - INFO - creating object ...
2018-07-02 19:57:22,989 - __main__ - INFO - Start application
2018-07-02 19:57:30,833 - __main__ - DEBUG - employees amount: 3
2018-07-02 19:57:30,833 - __main__ - INFO - creation of employees dictionary .. 
2018-07-02 19:57:38,958 - __main__ - DEBUG - employee information: maria commercial CE_1 140.0
2018-07-02 19:57:38,958 - __main__ - INFO - creating object ...
2018-07-02 19:57:49,410 - __main__ - DEBUG - employee information: teresa production PE_1 8970.1
2018-07-02 19:57:49,411 - __main__ - INFO - creating object ...
2018-07-02 19:57:56,020 - __main__ - DEBUG - employee information: juan commercial CE_2 112.5
2018-07-02 19:57:56,020 - __main__ - INFO - creating object ...
